<?xml version="1.0" encoding="UTF-8"?>
<!-- Generated by org.testng.reporters.JUnitXMLReporter -->
<testsuite hostname="DESKTOP-55CP3G6" ignored="0" name="Default test" tests="2" failures="0" timestamp="16 Feb 2019 14:27:43 GMT" time="73.918" errors="0">
  <testcase name="createNewEmpRecordPositiveFlow" time="70.094" classname="com.qa.rest.test.CreateNewEmployeeTest"/>
  <testcase name="createNewEmpRecordNegativeFlow" time="3.747" classname="com.qa.rest.test.CreateNewEmployeeTest"/>
</testsuite> <!-- Default test -->
