<?xml version="1.0" encoding="UTF-8"?>
<!-- Generated by org.testng.reporters.JUnitXMLReporter -->
<testsuite hostname="DESKTOP-55CP3G6" ignored="0" name="CreateNewlEmployeeRecords" tests="2" failures="0" timestamp="16 Feb 2019 15:05:30 GMT" time="8.214" errors="0">
  <testcase name="createNewEmpRecordPositiveFlow" time="5.203" classname="com.qa.rest.test.CreateNewEmployeeTest"/>
  <testcase name="createNewEmpRecordNegativeFlow" time="3.0" classname="com.qa.rest.test.CreateNewEmployeeTest"/>
</testsuite> <!-- CreateNewlEmployeeRecords -->
