<?xml version="1.0" encoding="UTF-8"?>
<!-- Generated by org.testng.reporters.JUnitXMLReporter -->
<testsuite hostname="DESKTOP-55CP3G6" ignored="0" name="DeleteEmployeeRecords" tests="2" failures="0" timestamp="16 Feb 2019 15:05:46 GMT" time="3.714" errors="0">
  <testcase name="deleteDataPositiveFLow" time="0.786" classname="com.qa.rest.test.DeleteEmployeeTest"/>
  <testcase name="deleteData" time="2.913" classname="com.qa.rest.test.DeleteEmployeeTest"/>
</testsuite> <!-- DeleteEmployeeRecords -->
