<?xml version="1.0" encoding="UTF-8"?>
<!-- Generated by org.testng.reporters.JUnitXMLReporter -->
<testsuite hostname="DESKTOP-55CP3G6" ignored="0" name="GetAllEmployeeRecords" tests="2" failures="0" timestamp="16 Feb 2019 15:05:22 GMT" time="19.721" errors="0">
  <testcase name="getEmployeeDataPositiveFlow" time="17.549" classname="com.qa.rest.test.GetAllEmployeesTest"/>
  <testcase name="getEmployeeDataNegativeFlow" time="0.806" classname="com.qa.rest.test.GetAllEmployeesTest"/>
</testsuite> <!-- GetAllEmployeeRecords -->
