<?xml version="1.0" encoding="UTF-8"?>
<!-- Generated by org.testng.reporters.JUnitXMLReporter -->
<testsuite hostname="DESKTOP-55CP3G6" ignored="0" name="RetreiveEmployeeRecordwithID" tests="2" failures="0" timestamp="16 Feb 2019 15:05:37 GMT" time="6.81" errors="0">
  <testcase name="getEmployeeDataWithIDPositiveFlow" time="3.256" classname="com.qa.rest.test.GetEmployeeRecordByIDTest"/>
  <testcase name="getEmployeeDataWithIDNegativeFLow" time="3.547" classname="com.qa.rest.test.GetEmployeeRecordByIDTest"/>
</testsuite> <!-- RetreiveEmployeeRecordwithID -->
