<?xml version="1.0" encoding="UTF-8"?>
<!-- Generated by org.testng.reporters.JUnitXMLReporter -->
<testsuite hostname="DESKTOP-55CP3G6" ignored="0" name="UpdatelEmployeeRecords" tests="2" failures="0" timestamp="16 Feb 2019 15:05:43 GMT" time="6.163" errors="0">
  <testcase name="updateEmployeeDataPositiveFlow" time="3.28" classname="com.qa.rest.test.UpdateEmployeeTest"/>
  <testcase name="updateEmployeeDataNegativeFlow" time="2.873" classname="com.qa.rest.test.UpdateEmployeeTest"/>
</testsuite> <!-- UpdatelEmployeeRecords -->
