<?xml version="1.0" encoding="UTF-8"?>
<!-- Generated by org.testng.reporters.JUnitXMLReporter -->
<testsuite hostname="DESKTOP-55CP3G6" ignored="0" name="MyRestAssuredProject" tests="5" failures="0" timestamp="15 Feb 2019 13:54:19 GMT" time="20.434" errors="0">
  <testcase name="getEmployeeData" time="0.019" classname="com.qa.rest.test.EmployeeIDData"/>
  <testcase name="CreateData" time="5.629" classname="com.qa.rest.test.CreateEmpData"/>
  <testcase name="updateUsingPatch" time="2.994" classname="com.qa.rest.test.UpdateEmpData"/>
  <testcase name="deleteData" time="2.973" classname="com.qa.rest.test.DeleteEmpData"/>
  <testcase name="getEmployeeData" time="7.634" classname="com.qa.rest.test.EmployeeDataCompleteSet"/>
</testsuite> <!-- MyRestAssuredProject -->
